<?xml version="1.0" encoding="UTF-8"?>
<testng-results ignored="0" total="1" passed="1" failed="0" skipped="0">
  <reporter-output>
  </reporter-output>
  <suite started-at="2024-02-28T10:42:19 IST" name="Suite" finished-at="2024-02-28T10:42:32 IST" duration-ms="12939">
    <groups>
    </groups>
    <test started-at="2024-02-28T10:42:19 IST" name="Test" finished-at="2024-02-28T10:42:32 IST" duration-ms="12939">
      <class name="Axis.DataDriven.WriteExcel">
        <test-method signature="fblogin()[pri:0, instance:Axis.DataDriven.WriteExcel@78aab498]" started-at="2024-02-28T10:42:19 IST" name="fblogin" finished-at="2024-02-28T10:42:32 IST" duration-ms="12888" status="PASS">
          <reporter-output>
          </reporter-output>
        </test-method> <!-- fblogin -->
      </class> <!-- Axis.DataDriven.WriteExcel -->
    </test> <!-- Test -->
  </suite> <!-- Suite -->
</testng-results>
